<?xml version="1.0" encoding="UTF-8"?>
<!-- Generated by org.testng.reporters.JUnitReportReporter -->
<testsuite hostname="DESKTOP-69VR358" failures="0" tests="5" name="tests.LinkTest" time="11.490" errors="0" timestamp="2024-05-22T15:30:23 IST" skipped="0">
  <testcase classname="tests.LinkTest" name="Clickonclose" time="3.587"/>
  <system-out/>
  <testcase classname="tests.LinkTest" name="clickonpractice" time="5.677"/>
  <system-out/>
  <testcase classname="tests.LinkTest" name="clickonelement" time="0.777"/>
  <system-out/>
  <testcase classname="tests.LinkTest" name="clickonlink" time="0.459"/>
  <system-out/>
  <testcase classname="tests.LinkTest" name="clickondemopage" time="0.990"/>
  <system-out/>
</testsuite> <!-- tests.LinkTest -->
