<?xml version="1.0" encoding="UTF-8"?>
<!-- Generated by org.testng.reporters.JUnitReportReporter -->
<testsuite hostname="DESKTOP-69VR358" failures="0" tests="5" name="tests.CheckBoxTest" time="7.576" errors="0" timestamp="2024-05-15T22:58:30 IST" skipped="0">
  <testcase classname="tests.CheckBoxTest" name="ClickonClose" time="0.218"/>
  <system-out/>
  <testcase classname="tests.CheckBoxTest" name="clickonpractice" time="5.861"/>
  <system-out/>
  <testcase classname="tests.CheckBoxTest" name="clickonelement" time="0.204"/>
  <system-out/>
  <testcase classname="tests.CheckBoxTest" name="clickoncheckbox" time="0.314"/>
  <system-out/>
  <testcase classname="tests.CheckBoxTest" name="clickonmobile" time="0.979"/>
  <system-out/>
</testsuite> <!-- tests.CheckBoxTest -->
