<?xml version="1.0" encoding="UTF-8"?>
<!-- Generated by org.testng.reporters.JUnitReportReporter -->
<testsuite hostname="DESKTOP-69VR358" failures="0" tests="2" name="tests.Logintest" time="13.004" errors="0" timestamp="2024-05-06T13:49:21 IST" skipped="0">
  <testcase classname="tests.Logintest" name="clickonclose" time="6.411"/>
  <system-out/>
  <testcase classname="tests.Logintest" name="clickonpractice" time="6.593"/>
  <system-out/>
</testsuite> <!-- tests.Logintest -->
