<?xml version="1.0" encoding="UTF-8"?>
<!-- Generated by org.testng.reporters.JUnitReportReporter -->
<testsuite hostname="DESKTOP-69VR358" failures="0" tests="6" name="tests.AlertTest" time="9.197" errors="0" timestamp="2024-05-29T13:45:02 IST" skipped="0">
  <testcase classname="tests.AlertTest" name="Clickonclose" time="1.127"/>
  <system-out/>
  <testcase classname="tests.AlertTest" name="clickonpractice" time="4.702"/>
  <system-out/>
  <testcase classname="tests.AlertTest" name="clickonelement" time="0.247"/>
  <system-out/>
  <testcase classname="tests.AlertTest" name="Clickonalert" time="1.687"/>
  <system-out/>
  <testcase classname="tests.AlertTest" name="Clickonalertstab" time="0.634"/>
  <system-out/>
  <testcase classname="tests.AlertTest" name="Clickonclickme" time="0.800"/>
  <system-out/>
</testsuite> <!-- tests.AlertTest -->
