<?xml version="1.0" encoding="UTF-8"?>
<!-- Generated by org.testng.reporters.JUnitReportReporter -->
<testsuite hostname="DESKTOP-69VR358" failures="0" tests="6" name="tests.textboxtest" time="47.529" errors="0" timestamp="2024-05-13T15:20:54 IST" skipped="0">
  <testcase classname="tests.textboxtest" name="ClickonClose" time="21.201"/>
  <system-out/>
  <testcase classname="tests.textboxtest" name="clickonpractice" time="8.946"/>
  <system-out/>
  <testcase classname="tests.textboxtest" name="clickonelement" time="0.564"/>
  <system-out/>
  <testcase classname="tests.textboxtest" name="clickonTextbox" time="0.569"/>
  <system-out/>
  <testcase classname="tests.textboxtest" name="clickonfilldetails" time="14.293"/>
  <system-out/>
  <testcase classname="tests.textboxtest" name="getValidate" time="1.956"/>
  <system-out/>
</testsuite> <!-- tests.textboxtest -->
